<?xml version="1.0" encoding="UTF-8"?>
<testsuite xmlns:xsi="http://www.w3.org/2001/XMLSchema-instance" xsi:noNamespaceSchemaLocation="https://maven.apache.org/surefire/maven-surefire-plugin/xsd/surefire-test-report.xsd" version="3.0.2" name="ch.cloudns.wanqiu.UserAccountsTest" time="1.174" tests="1" errors="0" skipped="0" failures="0">
  <properties>
[...]
</properties>
  <testcase name="testSelectAllUsers" classname="ch.cloudns.wanqiu.UserAccountsTest" time="0.838">
    <system-out><![CDATA[Logging initialized using 'class org.apache.ibatis.logging.stdout.StdOutImpl' adapter.
PooledDataSource forcefully closed/removed all connections.
PooledDataSource forcefully closed/removed all connections.
PooledDataSource forcefully closed/removed all connections.
PooledDataSource forcefully closed/removed all connections.
Opening JDBC Connection
Created connection 795273218.
Setting autocommit to false on JDBC Connection [com.mysql.cj.jdbc.ConnectionImpl@2f66e802]
==>  Preparing: SELECT user_id, username, password, email FROM website_data.user_accounts LIMIT 50;
==> Parameters: 
<==    Columns: user_id, username, password, email
<==        Row: d1bec033-c03b-446b-8fa0-f9ea47fd809a, 梁文昊, 0N6!6xUd4aEhV*, 鑫鹏.万@gmail.com
<==        Row: f597dadc-85d8-44da-b11e-df3b412f18e8, 陆风华, nx96gw%Kd9E31, 展鹏.谭@hotmail.com
<==        Row: 0f7ee9a9-1579-4244-9879-d089ea6e6291, 叶浩, DT%Ms!#Le6*, 哲瀚.郭@hotmail.com
<==        Row: 48d4b940-093d-49e3-9ab1-228f3d11e23d, 田智宸, h$37q96hvn, 绍齐.江@hotmail.com
<==        Row: 602cf337-17d3-4760-844d-a08ca136afbe, 邓涛, EcZ&p%8x6, 思源.姜@gmail.com
<==        Row: f50fe88e-c658-4dec-ae11-df354cda5138, 薛聪健, D9^E7Z1w49, 浩宇.熊@hotmail.com
<==        Row: f4a3b0ce-cde7-44b9-a1f7-d013f5aa373c, 冯擎苍, 9rLUbw9LH, 黎昕.田@gmail.com
<==        Row: 6a62e0d9-5927-45fa-a5e4-08a9107e9019, 石昊天, LA&$tDr&n7&1, 烨伟.于@yahoo.com
<==        Row: 2ed67894-7c91-4bbf-bd3a-b8382ab66d37, 徐修杰, wAV@!#Qr3wx&zy, 昊强.段@yahoo.com
<==        Row: 0816ec91-cec8-4eaa-8538-7f69e3e21bfd, 程志泽, LZ27kb^f#sD$K7, 雨泽.廖@hotmail.com
<==        Row: 12796165-7e27-4019-aa51-4de19bcbc58c, 韩晟睿, Qy^2aKuNaaift, 晓博.范@hotmail.com
<==        Row: 2a7f7d40-c655-4199-8ffa-f91b028a8fe0, 陶振家, D#4pwHZ01jTBT, 绍辉.赖@yahoo.com
<==        Row: 7ac48f44-4693-47ab-b9a2-e0c840ca6d50, 汪琪, N3fKZe0O^, 晓博.杜@gmail.com
<==        Row: 81d0316f-a0f7-4c06-85a6-443708df5c85, 莫鸿煊, !z41MheiSp, 伟宸.苏@hotmail.com
<==        Row: 02143448-1a03-4094-82df-57e800c175e7, 贺凯瑞, $7J8pemx5#9, 风华.魏@gmail.com
<==        Row: 778f42ad-9f4e-475e-83b5-ab1333c1f76f, 陶鑫磊, %KgQfHZGT, 鸿煊.吴@gmail.com
<==        Row: 8091799f-74b3-4ed8-bd3f-f9f6951a730f, 薛正豪, v$7b5Sn#sD, 晟睿.卢@yahoo.com
<==        Row: 0181e16f-fea7-477b-8db9-5d533ff383fe, 吴皓轩, uSSQY2^t, 金鑫.江@yahoo.com
<==        Row: 0da1f420-38cb-4a3a-97b1-c2b5b688559f, 顾鹏涛, #0&t9B!zux7N, 健柏.阎@gmail.com
<==        Row: c9c2a6b8-e135-4ff1-826c-81ca4c969ff9, 莫立轩, UL#rwQ^hd, 鑫鹏.孙@hotmail.com
<==        Row: 42dc5bfc-6939-4300-9ac1-ffc91a3d81a2, 史鹏涛, #x6P#@k7uE0, 荣轩.彭@hotmail.com
<==        Row: 6c8b7903-e10a-4cdd-96bc-5f676b0f0bcb, 阎泽洋, s#x$27I%, 思淼.曾@gmail.com
<==        Row: c6a85f0b-e347-4e15-b317-889b10e8a29e, 罗思源, m83EXo11, 立辉.孔@yahoo.com
<==        Row: 644f142d-9ead-42fb-89f1-6e3425b431ab, 廖伟泽, x4$LGDsAf#J, 雪松.崔@gmail.com
<==        Row: 014f16a4-6922-4db1-800f-1ebb426d9ac3, 张昊天, Jrt*sTg5sM7R, 伟泽.石@gmail.com
<==        Row: bdbdf2d6-9a5b-4b6a-82fd-882e3c21d1fc, 丁鹏煊, J2m!SJ7L4LX058, 乐驹.黄@hotmail.com
<==        Row: a50e1483-87fd-4708-935d-f7a122848327, 郭炫明, b1vi#IY%!, 昊然.谭@yahoo.com
<==        Row: 88eb51a2-d6b6-43f3-abf8-5233efa366ce, 薛嘉熙, dIxsS!u4%, 浩然.邹@gmail.com
<==        Row: 1edef668-8b4c-4ce9-aec4-0df8a1cd8611, 余天翊, 3761c7DscN362, 子默.王@gmail.com
<==        Row: c736ecfb-e2df-4be0-8f2e-31e3f3f742fb, 徐博涛, FGfNb@#Rlq88^8, 彬.洪@hotmail.com
<==        Row: b2ebf5ee-4273-4841-a523-4345880ea4c9, 谭鑫鹏, V0yh8$a&6@, 煜祺.陈@gmail.com
<==        Row: d160f8e6-6eaf-4e1b-8b7b-59c875b3ca37, 彭峻熙, dgyH6k#n8xQ, 泽洋.陈@gmail.com
<==        Row: b4490e50-976a-46e3-8df1-04b2d4750194, 毛语堂, 4$71$$E9B, 瑾瑜.邱@yahoo.com
<==        Row: 16344b34-33da-47ac-9ffa-72e706bb64c4, 朱彬, *2X7SeQS5@2L, 鹏飞.朱@hotmail.com
<==        Row: 1bf81b93-acef-4bc6-af0c-3ed1d3a55d14, 严子骞, 8X9tb49#^SM6*RT, 鸿煊.汪@yahoo.com
<==        Row: 610d8628-6a99-4970-b1fe-5cf48fd3bbb7, 田哲瀚, c$a2dk!@f26BGI, 绍辉.高@hotmail.com
<==        Row: 6cc7f5d7-65f5-4970-ac35-7feb8c920af6, 毛昊天, Xnmtx9!4eY*, 伟宸.谢@gmail.com
<==        Row: 547a930d-d475-4a50-926a-0f570085d07a, 谭绍齐, 2M*6Lmu9DxL43B, 峻熙.侯@yahoo.com
<==        Row: 8c015bca-7d29-4c57-b2f1-51720e24ad0f, 赖昊天, ^sVvY1eF, 靖琪.胡@hotmail.com
<==        Row: dfc59524-9e0d-4a5e-851c-4c64b34ca889, 魏明辉, Lw2@qq$9ix2qE, 泽洋.姜@yahoo.com
<==        Row: 044d6426-705b-4218-b3c6-503aba6665a7, 龚烨华, 3yoqd1N@L9Es, 浩然.李@hotmail.com
<==        Row: 24af5dcd-a308-4ff3-85e3-f1918fa9bf3a, 谭昊强, *XM&%M2PX@6XU, 伟泽.严@gmail.com
<==        Row: e0a4121e-09f1-4c07-a1f5-b9968b798e74, 胡立果, 9*7jY@H^DJ, 明轩.廖@hotmail.com
<==        Row: a19f9393-9571-40bc-8f3a-72f748d87a53, 龚俊驰, L#k^by*$Ff, 昊焱.邵@hotmail.com
<==        Row: 1ea799c0-0443-4968-a96c-677c92e76742, 程博文, #J$P*o&5, 鹏煊.毛@hotmail.com
<==        Row: c13f5787-7fba-49f9-8304-9df06f269761, 史浩轩, 0#DXC1U@8L6!, 天磊.严@yahoo.com
<==        Row: d89bdbb9-2763-4874-835a-7acb04b5c977, 张正豪, K9#3TbK#V6n, 健柏.熊@yahoo.com
<==        Row: f1698e1f-7e5c-4bb4-9cb9-395c14706ead, 陆晓啸, O0@lJb&!, 文轩.夏@gmail.com
<==        Row: 9b9a42cf-b2af-4fb8-9d39-6ea1862b9d01, 熊智宸, @42!E2%8t$U, 正豪.雷@yahoo.com
<==        Row: 9eabcefe-57af-4275-9f2d-483cbe321b9b, 江哲瀚, #!Y&UZ0t0M@UUX4, 哲瀚.董@gmail.com
<==      Total: 50
ID                                     USERNAME            
--------------------------------------------------------------
d1bec033-c03b-446b-8fa0-f9ea47fd809a   梁文昊                 
f597dadc-85d8-44da-b11e-df3b412f18e8   陆风华                 
0f7ee9a9-1579-4244-9879-d089ea6e6291   叶浩                  
48d4b940-093d-49e3-9ab1-228f3d11e23d   田智宸                 
602cf337-17d3-4760-844d-a08ca136afbe   邓涛                  
f50fe88e-c658-4dec-ae11-df354cda5138   薛聪健                 
f4a3b0ce-cde7-44b9-a1f7-d013f5aa373c   冯擎苍                 
6a62e0d9-5927-45fa-a5e4-08a9107e9019   石昊天                 
2ed67894-7c91-4bbf-bd3a-b8382ab66d37   徐修杰                 
0816ec91-cec8-4eaa-8538-7f69e3e21bfd   程志泽                 
12796165-7e27-4019-aa51-4de19bcbc58c   韩晟睿                 
2a7f7d40-c655-4199-8ffa-f91b028a8fe0   陶振家                 
7ac48f44-4693-47ab-b9a2-e0c840ca6d50   汪琪                  
81d0316f-a0f7-4c06-85a6-443708df5c85   莫鸿煊                 
02143448-1a03-4094-82df-57e800c175e7   贺凯瑞                 
778f42ad-9f4e-475e-83b5-ab1333c1f76f   陶鑫磊                 
8091799f-74b3-4ed8-bd3f-f9f6951a730f   薛正豪                 
0181e16f-fea7-477b-8db9-5d533ff383fe   吴皓轩                 
0da1f420-38cb-4a3a-97b1-c2b5b688559f   顾鹏涛                 
c9c2a6b8-e135-4ff1-826c-81ca4c969ff9   莫立轩                 
42dc5bfc-6939-4300-9ac1-ffc91a3d81a2   史鹏涛                 
6c8b7903-e10a-4cdd-96bc-5f676b0f0bcb   阎泽洋                 
c6a85f0b-e347-4e15-b317-889b10e8a29e   罗思源                 
644f142d-9ead-42fb-89f1-6e3425b431ab   廖伟泽                 
014f16a4-6922-4db1-800f-1ebb426d9ac3   张昊天                 
bdbdf2d6-9a5b-4b6a-82fd-882e3c21d1fc   丁鹏煊                 
a50e1483-87fd-4708-935d-f7a122848327   郭炫明                 
88eb51a2-d6b6-43f3-abf8-5233efa366ce   薛嘉熙                 
1edef668-8b4c-4ce9-aec4-0df8a1cd8611   余天翊                 
c736ecfb-e2df-4be0-8f2e-31e3f3f742fb   徐博涛                 
b2ebf5ee-4273-4841-a523-4345880ea4c9   谭鑫鹏                 
d160f8e6-6eaf-4e1b-8b7b-59c875b3ca37   彭峻熙                 
b4490e50-976a-46e3-8df1-04b2d4750194   毛语堂                 
16344b34-33da-47ac-9ffa-72e706bb64c4   朱彬                  
1bf81b93-acef-4bc6-af0c-3ed1d3a55d14   严子骞                 
610d8628-6a99-4970-b1fe-5cf48fd3bbb7   田哲瀚                 
6cc7f5d7-65f5-4970-ac35-7feb8c920af6   毛昊天                 
547a930d-d475-4a50-926a-0f570085d07a   谭绍齐                 
8c015bca-7d29-4c57-b2f1-51720e24ad0f   赖昊天                 
dfc59524-9e0d-4a5e-851c-4c64b34ca889   魏明辉                 
044d6426-705b-4218-b3c6-503aba6665a7   龚烨华                 
24af5dcd-a308-4ff3-85e3-f1918fa9bf3a   谭昊强                 
e0a4121e-09f1-4c07-a1f5-b9968b798e74   胡立果                 
a19f9393-9571-40bc-8f3a-72f748d87a53   龚俊驰                 
1ea799c0-0443-4968-a96c-677c92e76742   程博文                 
c13f5787-7fba-49f9-8304-9df06f269761   史浩轩                 
d89bdbb9-2763-4874-835a-7acb04b5c977   张正豪                 
f1698e1f-7e5c-4bb4-9cb9-395c14706ead   陆晓啸                 
9b9a42cf-b2af-4fb8-9d39-6ea1862b9d01   熊智宸                 
9eabcefe-57af-4275-9f2d-483cbe321b9b   江哲瀚                 
Resetting autocommit to true on JDBC Connection [com.mysql.cj.jdbc.ConnectionImpl@2f66e802]
Closing JDBC Connection [com.mysql.cj.jdbc.ConnectionImpl@2f66e802]
Returned connection 795273218 to pool.
]]></system-out>
  </testcase>
</testsuite>